
> aquanime@1.0.0 build
> next build

  ▲ Next.js 14.2.35

   Creating an optimized production build ...
Browserslist: caniuse-lite is outdated. Please run:
  npx update-browserslist-db@latest
  Why you should do it regularly: https://github.com/browserslist/update-db#readme
 ✓ Compiled successfully
   Linting and checking validity of types ...
   Collecting page data ...
   Generating static pages (0/8) ...
   Generating static pages (2/8) 
   Generating static pages (4/8) 
   Generating static pages (6/8) 
 ✓ Generating static pages (8/8)
   Finalizing page optimization ...
   Collecting build traces ...

Route (app)                              Size     First Load JS
┌ ○ /                                    4.02 kB         105 kB
├ ○ /_not-found                          138 B          87.4 kB
├ ○ /kontak                              3.17 kB        90.4 kB
├ ○ /portal                              178 B          92.6 kB
├ ○ /proyek                              189 B           101 kB
└ ○ /tentang                             178 B          92.6 kB
+ First Load JS shared by all            87.3 kB
  ├ chunks/117-de8b1aa7bffc7620.js       31.7 kB
  ├ chunks/fd9d1056-0b9695e3ab5c31f0.js  53.6 kB
  └ other shared chunks (total)          1.89 kB


○  (Static)  prerendered as static content

